[2026-03-08 16:31:37] [AI ROUTER] [INFO] Routing prompt | task_type=normal_chat | len=11
[2026-03-08 16:31:37] [AI ROUTER] [INFO] Provider: TestProvider | Task: normal_chat | Latency: 0.00s
[2026-03-08 16:31:37] [AI ROUTER] [INFO] Routing prompt | task_type=normal_chat | len=5
[2026-03-08 16:31:37] [AI ROUTER] [WARNING] Fallback triggered: Primary → Fallback (RateLimit: rate limited)
[2026-03-08 16:31:37] [AI ROUTER] [INFO] Provider: Fallback | Task: normal_chat | Latency: 0.00s
[2026-03-08 16:31:37] [AI ROUTER] [INFO] Routing prompt | task_type=normal_chat | len=5
[2026-03-08 16:31:37] [AI ROUTER] [WARNING] Quota exceeded: Primary → Fallback (quota)
[2026-03-08 16:31:37] [AI ROUTER] [INFO] Provider: Fallback | Task: normal_chat | Latency: 0.00s
[2026-03-08 16:31:37] [AI ROUTER] [INFO] Routing prompt | task_type=normal_chat | len=2
[2026-03-08 16:31:37] [AI ROUTER] [ERROR] Provider P1 failed: api error. Trying next provider.
[2026-03-08 16:31:37] [AI ROUTER] [INFO] Provider: P2 | Task: normal_chat | Latency: 0.00s
[2026-03-08 16:31:37] [AI ROUTER] [INFO] Routing prompt | task_type=normal_chat | len=2
[2026-03-08 16:31:37] [AI ROUTER] [ERROR] Provider P1 failed: fail. Trying next provider.
[2026-03-08 16:31:37] [AI ROUTER] [ERROR] Provider P2 failed: fail. Trying next provider.
[2026-03-08 16:31:37] [AI ROUTER] [INFO] Routing prompt | task_type=normal_chat | len=2
[2026-03-08 16:31:37] [AI ROUTER] [INFO] Routing prompt | task_type=code_generation | len=5
[2026-03-08 16:31:37] [AI ROUTER] [INFO] Provider: P | Task: code_generation | Latency: 0.00s
[2026-03-08 16:32:00] [AI ROUTER] [INFO] Routing prompt | task_type=normal_chat | len=11
[2026-03-08 16:32:00] [AI ROUTER] [INFO] Provider: TestProvider | Task: normal_chat | Latency: 0.00s
[2026-03-08 16:32:00] [AI ROUTER] [INFO] Routing prompt | task_type=normal_chat | len=5
[2026-03-08 16:32:00] [AI ROUTER] [WARNING] Fallback triggered: Primary → Fallback (RateLimit: rate limited)
[2026-03-08 16:32:00] [AI ROUTER] [INFO] Provider: Fallback | Task: normal_chat | Latency: 0.00s
[2026-03-08 16:32:00] [AI ROUTER] [INFO] Routing prompt | task_type=normal_chat | len=5
[2026-03-08 16:32:00] [AI ROUTER] [WARNING] Quota exceeded: Primary → Fallback (quota)
[2026-03-08 16:32:00] [AI ROUTER] [INFO] Provider: Fallback | Task: normal_chat | Latency: 0.00s
[2026-03-08 16:32:00] [AI ROUTER] [INFO] Routing prompt | task_type=normal_chat | len=2
[2026-03-08 16:32:00] [AI ROUTER] [ERROR] Provider P1 failed: api error. Trying next provider.
[2026-03-08 16:32:00] [AI ROUTER] [INFO] Provider: P2 | Task: normal_chat | Latency: 0.00s
[2026-03-08 16:32:00] [AI ROUTER] [INFO] Routing prompt | task_type=normal_chat | len=2
[2026-03-08 16:32:00] [AI ROUTER] [ERROR] Provider P1 failed: fail. Trying next provider.
[2026-03-08 16:32:00] [AI ROUTER] [ERROR] Provider P2 failed: fail. Trying next provider.
[2026-03-08 16:32:00] [AI ROUTER] [INFO] Routing prompt | task_type=normal_chat | len=2
[2026-03-08 16:32:00] [AI ROUTER] [INFO] Routing prompt | task_type=code_generation | len=5
[2026-03-08 16:32:00] [AI ROUTER] [INFO] Provider: P | Task: code_generation | Latency: 0.00s
[2026-03-08 16:33:23] [AI ROUTER] [INFO] Routing prompt | task_type=normal_chat | len=11
[2026-03-08 16:33:23] [AI ROUTER] [INFO] Provider: TestProvider | Task: normal_chat | Latency: 0.00s
[2026-03-08 16:33:23] [AI ROUTER] [INFO] Routing prompt | task_type=normal_chat | len=5
[2026-03-08 16:33:23] [AI ROUTER] [WARNING] Fallback triggered: Primary → Fallback (RateLimit: rate limited)
[2026-03-08 16:33:23] [AI ROUTER] [INFO] Provider: Fallback | Task: normal_chat | Latency: 0.00s
[2026-03-08 16:33:23] [AI ROUTER] [INFO] Routing prompt | task_type=normal_chat | len=5
[2026-03-08 16:33:23] [AI ROUTER] [WARNING] Quota exceeded: Primary → Fallback (quota)
[2026-03-08 16:33:23] [AI ROUTER] [INFO] Provider: Fallback | Task: normal_chat | Latency: 0.00s
[2026-03-08 16:33:23] [AI ROUTER] [INFO] Routing prompt | task_type=normal_chat | len=2
[2026-03-08 16:33:23] [AI ROUTER] [ERROR] Provider P1 failed: api error. Trying next provider.
[2026-03-08 16:33:23] [AI ROUTER] [INFO] Provider: P2 | Task: normal_chat | Latency: 0.00s
[2026-03-08 16:33:23] [AI ROUTER] [INFO] Routing prompt | task_type=normal_chat | len=2
[2026-03-08 16:33:23] [AI ROUTER] [ERROR] Provider P1 failed: fail. Trying next provider.
[2026-03-08 16:33:23] [AI ROUTER] [ERROR] Provider P2 failed: fail. Trying next provider.
[2026-03-08 16:33:23] [AI ROUTER] [INFO] Routing prompt | task_type=normal_chat | len=2
[2026-03-08 16:33:23] [AI ROUTER] [INFO] Routing prompt | task_type=code_generation | len=5
[2026-03-08 16:33:23] [AI ROUTER] [INFO] Provider: P | Task: code_generation | Latency: 0.00s
